[2025-05-15T05:10:35.665Z] INFO: Intake submitted successfully.
[2025-05-15T05:10:53.523Z] INFO: Intake submitted successfully.
[2025-05-15T05:11:12.114Z] INFO: Intake submitted successfully.
[2025-05-15T05:11:15.830Z] INFO: Intake submitted successfully.
[2025-05-15T05:11:18.628Z] WARN: Rate limit exceeded for IP: ::1
[2025-05-15T05:12:15.101Z] INFO: Intake submitted successfully.
[2025-05-15T05:22:27.731Z] INFO: Intake submitted successfully.
[2025-05-15T05:22:32.911Z] INFO: Email sent
[2025-05-15T05:22:44.283Z] INFO: file uploaded
[2025-05-15T05:22:52.146Z] INFO: file uploaded
[2025-05-15T05:22:54.452Z] INFO: Intake submitted successfully.
[2025-05-15T05:22:58.685Z] INFO: Email sent
[2025-05-15T05:23:05.389Z] INFO: Intake submitted successfully.
[2025-05-15T05:23:09.153Z] INFO: Email sent
[2025-05-15T05:23:09.559Z] INFO: Intake submitted successfully.
[2025-05-15T05:23:13.455Z] WARN: Rate limit exceeded for IP: ::1
[2025-05-15T05:23:14.022Z] INFO: Email sent
[2025-05-15T05:23:16.453Z] WARN: Rate limit exceeded for IP: ::1
[2025-05-15T05:23:25.130Z] WARN: Rate limit exceeded for IP: ::1
[2025-05-15T05:23:28.705Z] INFO: Intake submitted successfully.
[2025-05-15T05:23:32.856Z] INFO: Email sent
[2025-05-15T05:32:40.925Z] INFO: client data get Successfully..
[2025-05-15T05:32:41.011Z] INFO: client data get Successfully..
[2025-05-15T05:52:02.485Z] INFO: client data get Successfully..
[2025-05-15T05:52:03.172Z] INFO: client data get Successfully..
[2025-05-15T05:52:03.211Z] INFO: client data get Successfully..
[2025-05-15T05:52:03.252Z] INFO: client data get Successfully..
[2025-05-15T06:22:22.023Z] INFO: client data get Successfully..
[2025-05-15T06:29:24.976Z] INFO: client data get Successfully..
[2025-05-15T08:33:57.398Z] INFO: client data get Successfully..
[2025-05-15T08:38:26.856Z] INFO: client data get Successfully..
[2025-05-15T10:39:34.625Z] INFO: client data get Successfully..
[2025-05-15T10:40:36.408Z] INFO: client data get Successfully..
[2025-05-15T10:40:59.820Z] INFO: client data get Successfully..
[2025-05-15T10:41:21.143Z] INFO: client data get Successfully..
[2025-05-15T10:41:21.250Z] INFO: client data get Successfully..
[2025-05-15T10:41:21.331Z] INFO: client data get Successfully..
[2025-05-15T11:16:50.805Z] INFO: client data get Successfully..
[2025-05-15T11:17:36.297Z] INFO: client data get Successfully..
[2025-05-15T11:17:36.478Z] INFO: client data get Successfully..
[2025-05-15T11:17:36.638Z] INFO: client data get Successfully..
[2025-05-15T11:20:45.738Z] INFO: client data get Successfully..
[2025-05-15T11:20:50.202Z] INFO: client data get Successfully..
[2025-05-15T11:20:50.277Z] INFO: client data get Successfully..
[2025-05-15T11:22:25.787Z] INFO: client data get Successfully..
[2025-05-15T11:24:35.961Z] INFO: client data get Successfully..
[2025-05-15T11:24:36.104Z] INFO: client data get Successfully..
[2025-05-15T11:24:40.255Z] INFO: client data get Successfully..
[2025-05-15T11:24:59.349Z] INFO: client data get Successfully..
[2025-05-15T11:29:11.986Z] INFO: client data get Successfully..
[2025-05-15T11:29:43.311Z] INFO: client data get Successfully..
[2025-05-15T11:49:06.107Z] INFO: client data get Successfully..
[2025-05-15T12:11:37.044Z] INFO: client data get Successfully..
[2025-05-15T12:15:18.340Z] ERROR: No comments found for this requirementVersionId
[2025-05-15T12:15:18.375Z] ERROR: No comments found for this requirementVersionId
[2025-05-15T12:31:22.911Z] INFO: client data get Successfully..
[2025-05-15T12:31:22.984Z] INFO: client data get Successfully..
